<?xml version="1.0" encoding="UTF-8"?>
<!-- Generated by org.testng.reporters.JUnitReportReporter -->
<testsuite skipped="0" hostname="LAPTOP-3AFRAOD0" name="testcases.RegistrationTest" tests="3" failures="0" timestamp="21 Oct 2019 08:32:30 GMT" time="4.061" errors="0">
  <testcase name="fillFormOfParent" time="1.127" classname="testcases.RegistrationTest"/>
  <testcase name="fillFormOfKid" time="0.732" classname="testcases.RegistrationTest"/>
  <testcase name="SaveForm" time="2.202" classname="testcases.RegistrationTest"/>
</testsuite> <!-- testcases.RegistrationTest -->
