<?xml version="1.0" encoding="UTF-8"?>
<!-- Generated by org.testng.reporters.JUnitReportReporter -->
<testsuite skipped="0" hostname="LAPTOP-3AFRAOD0" name="testcases.ReportsTest" tests="3" failures="0" timestamp="21 Oct 2019 08:32:30 GMT" time="11.634" errors="0">
  <testcase name="makingExceptionReport" time="3.459" classname="testcases.ReportsTest"/>
  <testcase name="makingAlergieReport" time="5.364" classname="testcases.ReportsTest"/>
  <testcase name="makingPresenceReport" time="2.811" classname="testcases.ReportsTest"/>
</testsuite> <!-- testcases.ReportsTest -->
