<?xml version="1.0" encoding="UTF-8"?>
<!-- Generated by org.testng.reporters.JUnitReportReporter -->
<testsuite skipped="0" hostname="LAPTOP-3AFRAOD0" name="testcases.LoginTest" tests="1" failures="0" timestamp="21 Oct 2019 08:32:30 GMT" time="1.223" errors="0">
  <testcase name="login" time="1.223" classname="testcases.LoginTest"/>
</testsuite> <!-- testcases.LoginTest -->
